{"C:\\Users\\XY\\Desktop\\xtils\\utils\\deepClone.js": {"path":"C:\\Users\\XY\\Desktop\\xtils\\utils\\deepClone.js","statementMap":{"0":{"start":{"line":1,"column":15},"end":{"line":1,"column":34}},"1":{"start":{"line":2,"column":15},"end":{"line":2,"column":24}},"2":{"start":{"line":3,"column":18},"end":{"line":23,"column":1}},"3":{"start":{"line":4,"column":2},"end":{"line":4,"column":51}},"4":{"start":{"line":4,"column":26},"end":{"line":4,"column":51}},"5":{"start":{"line":5,"column":2},"end":{"line":5,"column":28}},"6":{"start":{"line":6,"column":2},"end":{"line":21,"column":4}},"7":{"start":{"line":7,"column":18},"end":{"line":7,"column":29}},"8":{"start":{"line":9,"column":4},"end":{"line":11,"column":5}},"9":{"start":{"line":10,"column":6},"end":{"line":10,"column":25}},"10":{"start":{"line":13,"column":4},"end":{"line":15,"column":5}},"11":{"start":{"line":14,"column":6},"end":{"line":14,"column":40}},"12":{"start":{"line":17,"column":4},"end":{"line":19,"column":5}},"13":{"start":{"line":18,"column":6},"end":{"line":18,"column":40}},"14":{"start":{"line":22,"column":2},"end":{"line":22,"column":15}},"15":{"start":{"line":25,"column":0},"end":{"line":25,"column":26}}},"fnMap":{"0":{"name":"(anonymous_0)","decl":{"start":{"line":3,"column":18},"end":{"line":3,"column":19}},"loc":{"start":{"line":3,"column":49},"end":{"line":23,"column":1}},"line":3},"1":{"name":"(anonymous_1)","decl":{"start":{"line":6,"column":30},"end":{"line":6,"column":31}},"loc":{"start":{"line":6,"column":37},"end":{"line":21,"column":3}},"line":6}},"branchMap":{"0":{"loc":{"start":{"line":3,"column":36},"end":{"line":3,"column":47}},"type":"default-arg","locations":[{"start":{"line":3,"column":45},"end":{"line":3,"column":47}}],"line":3},"1":{"loc":{"start":{"line":4,"column":2},"end":{"line":4,"column":51}},"type":"if","locations":[{"start":{"line":4,"column":2},"end":{"line":4,"column":51}},{"start":{},"end":{}}],"line":4},"2":{"loc":{"start":{"line":9,"column":4},"end":{"line":11,"column":5}},"type":"if","locations":[{"start":{"line":9,"column":4},"end":{"line":11,"column":5}},{"start":{},"end":{}}],"line":9},"3":{"loc":{"start":{"line":13,"column":4},"end":{"line":15,"column":5}},"type":"if","locations":[{"start":{"line":13,"column":4},"end":{"line":15,"column":5}},{"start":{},"end":{}}],"line":13},"4":{"loc":{"start":{"line":17,"column":4},"end":{"line":19,"column":5}},"type":"if","locations":[{"start":{"line":17,"column":4},"end":{"line":19,"column":5}},{"start":{},"end":{}}],"line":17}},"s":{"0":1,"1":1,"2":1,"3":4,"4":1,"5":3,"6":3,"7":8,"8":8,"9":5,"10":8,"11":1,"12":8,"13":2,"14":3,"15":1},"f":{"0":4,"1":8},"b":{"0":[1],"1":[1,3],"2":[5,3],"3":[1,7],"4":[2,6]},"_coverageSchema":"1a1c01bbd47fc00a2c39e90264f33305004495a9","hash":"8f8ffb50ef3d2f1e65f273180c94d69239d6a28d"}
,"C:\\Users\\XY\\Desktop\\xtils\\utils\\typeOf.js": {"path":"C:\\Users\\XY\\Desktop\\xtils\\utils\\typeOf.js","statementMap":{"0":{"start":{"line":4,"column":0},"end":{"line":6,"column":1}},"1":{"start":{"line":5,"column":4},"end":{"line":5,"column":60}}},"fnMap":{"0":{"name":"typeOf","decl":{"start":{"line":4,"column":26},"end":{"line":4,"column":32}},"loc":{"start":{"line":4,"column":38},"end":{"line":6,"column":1}},"line":4}},"branchMap":{},"s":{"0":1,"1":8},"f":{"0":8},"b":{},"_coverageSchema":"1a1c01bbd47fc00a2c39e90264f33305004495a9","hash":"956f91e8b753576448b2070b9e733e6676929e7b"}
}
