TN:
SF:utils\deepClone.js
FN:3,(anonymous_0)
FN:6,(anonymous_1)
FNF:2
FNH:2
FNDA:4,(anonymous_0)
FNDA:8,(anonymous_1)
DA:1,1
DA:2,1
DA:3,1
DA:4,4
DA:5,3
DA:6,3
DA:7,8
DA:9,8
DA:10,5
DA:13,8
DA:14,1
DA:17,8
DA:18,2
DA:22,3
DA:25,1
LF:15
LH:15
BRDA:3,0,0,1
BRDA:4,1,0,1
BRDA:4,1,1,3
BRDA:9,2,0,5
BRDA:9,2,1,3
BRDA:13,3,0,1
BRDA:13,3,1,7
BRDA:17,4,0,2
BRDA:17,4,1,6
BRF:9
BRH:9
end_of_record
TN:
SF:utils\typeOf.js
FN:4,typeOf
FNF:1
FNH:1
FNDA:8,typeOf
DA:4,1
DA:5,8
LF:2
LH:2
BRF:0
BRH:0
end_of_record
