TN:
SF:pattern\pubsub.js
FN:2,pubsub
FN:11,(anonymous_1)
FN:13,(anonymous_2)
FN:15,(anonymous_3)
FN:22,(anonymous_4)
FN:24,(anonymous_5)
FN:30,(anonymous_6)
FNF:7
FNH:7
FNDA:1,pubsub
FNDA:7,(anonymous_1)
FNDA:7,(anonymous_2)
FNDA:4,(anonymous_3)
FNDA:1,(anonymous_4)
FNDA:2,(anonymous_5)
FNDA:2,(anonymous_6)
DA:4,1
DA:11,1
DA:12,7
DA:13,7
DA:15,1
DA:16,4
DA:17,3
DA:19,4
DA:22,1
DA:23,1
DA:24,1
DA:25,2
DA:26,2
DA:28,1
DA:30,1
DA:31,2
DA:34,1
LF:17
LH:17
BRDA:12,0,0,7
BRDA:12,0,1,1
BRDA:13,1,0,6
BRDA:13,1,1,1
BRDA:16,2,0,3
BRDA:16,2,1,1
BRDA:25,3,0,2
BRDA:25,3,1,1
BRF:8
BRH:8
end_of_record
